2025-08-05 01:46:45,304 - INFO - Running: test_full_game_win_flow
2025-08-05 01:46:45,305 - INFO - Initial balance set to $150
2025-08-05 01:46:45,307 - INFO - Running: test_full_game_loss_flow
2025-08-05 01:46:45,308 - INFO - Initial balance set to $150
2025-08-05 01:46:45,312 - INFO - Running: test_extreme_bet_values (maximum allowed bet)
2025-08-05 01:46:45,312 - INFO - Initial balance set to $2000
2025-08-05 01:46:45,312 - INFO - Placed bet of $100, transactionId=txn_100
2025-08-05 01:46:45,312 - INFO - Spin returned: Win
2025-08-05 01:46:45,315 - INFO - Running: test_extreme_bet_values (minimum allowed bet)
2025-08-05 01:46:45,315 - INFO - Initial balance set to $2000
2025-08-05 01:46:45,315 - INFO - Placed bet of $1, transactionId=txn_1
2025-08-05 01:46:45,315 - INFO - Spin returned: Win
2025-08-05 01:46:45,317 - INFO - Running: test_extreme_bet_values (beyond maximum allowed bet)
2025-08-05 01:46:45,318 - INFO - Initial balance set to $2000
2025-08-05 01:46:45,318 - INFO - Placed bet of $1000, transactionId=txn_1000
2025-08-05 01:46:45,318 - INFO - Spin returned: Win
2025-08-05 01:46:45,321 - INFO - Running: test_spin_response_time_delay_handling
2025-08-05 01:46:45,321 - INFO - Initial balance set to $150
2025-08-05 01:46:45,433 - INFO - Running: test_multiple_parallel_successful_rounds
2025-08-05 01:46:45,433 - INFO - Initial balance set to $300
2025-08-05 01:46:45,434 - INFO - [Round 1] Starting with txn_id=txn_parallel_1 and bet=10
2025-08-05 01:46:45,435 - INFO - [Round 1] place_bet: {'transactionId': 'txn_parallel_1', 'newBalance': 290}
2025-08-05 01:46:45,436 - INFO - [Round 2] Starting with txn_id=txn_parallel_2 and bet=20
2025-08-05 01:46:45,436 - INFO - [Round 1] spin: {'Win': {'winAmount': 50}}
2025-08-05 01:46:45,436 - INFO - [Round 3] Starting with txn_id=txn_parallel_3 and bet=30
2025-08-05 01:46:45,437 - INFO - [Round 2] place_bet: {'transactionId': 'txn_parallel_2', 'newBalance': 280}
2025-08-05 01:46:45,437 - INFO - [Round 1] notify: {'Win': {'winAmount': 50}}
2025-08-05 01:46:45,437 - INFO - [Round 3] place_bet: {'transactionId': 'txn_parallel_3', 'newBalance': 270}
2025-08-05 01:46:45,438 - INFO - [Round 2] spin: {'Win': {'winAmount': 50}}
2025-08-05 01:46:45,438 - INFO - [Round 3] spin: {'status': 'SENT'}
2025-08-05 01:46:45,439 - INFO - All parallel rounds completed successfully
