2025-08-05 03:43:51,168 - INFO - Running: test_full_game_win_flow
2025-08-05 03:43:51,168 - INFO - Initial balance set to $150
2025-08-05 03:43:51,172 - INFO - Running: test_full_game_loss_flow
2025-08-05 03:43:51,173 - INFO - Initial balance set to $150
2025-08-05 03:43:51,175 - INFO - Running: test_extreme_bet_values (maximum allowed bet)
2025-08-05 03:43:51,176 - INFO - Initial balance set to $2000
2025-08-05 03:43:51,176 - INFO - Placed bet of $100, transactionId=txn_100
2025-08-05 03:43:51,176 - INFO - Spin returned: Win
2025-08-05 03:43:51,177 - INFO - Notification sent successfully
2025-08-05 03:43:51,181 - INFO - Running: test_extreme_bet_values (minimum allowed bet)
2025-08-05 03:43:51,182 - INFO - Initial balance set to $2000
2025-08-05 03:43:51,182 - INFO - Placed bet of $1, transactionId=txn_1
2025-08-05 03:43:51,182 - INFO - Spin returned: Win
2025-08-05 03:43:51,183 - INFO - Notification sent successfully
2025-08-05 03:43:51,185 - INFO - Running: test_extreme_bet_values (beyond maximum allowed bet)
2025-08-05 03:43:51,186 - INFO - Initial balance set to $2000
2025-08-05 03:43:51,187 - INFO - Placed bet of $1000, transactionId=txn_1000
2025-08-05 03:43:51,187 - INFO - Spin returned: Win
2025-08-05 03:43:51,187 - INFO - Notification sent successfully
2025-08-05 03:43:51,190 - INFO - Running: test_spin_response_time_delay_handling
2025-08-05 03:43:51,190 - INFO - Initial balance set to $150
2025-08-05 03:43:51,191 - INFO - Placed bet of $10, transactionId=txn_delay
2025-08-05 03:43:54,192 - INFO - Notification sent successfully
2025-08-05 03:43:54,194 - INFO - Running: test_multiple_parallel_successful_rounds
2025-08-05 03:43:54,195 - INFO - Initial balance set to $300
2025-08-05 03:43:54,196 - INFO - [Round 1] Starting with txn_id=txn_parallel_1 and bet=10
2025-08-05 03:43:54,197 - INFO - [Round 1] place_bet: {'transactionId': 'txn_parallel_1', 'newBalance': 290}
2025-08-05 03:43:54,197 - INFO - [Round 2] Starting with txn_id=txn_parallel_2 and bet=20
2025-08-05 03:43:54,198 - INFO - [Round 1] spin: {'Win': {'winAmount': 50}}
2025-08-05 03:43:54,198 - INFO - [Round 3] Starting with txn_id=txn_parallel_3 and bet=30
2025-08-05 03:43:54,198 - INFO - [Round 2] place_bet: {'transactionId': 'txn_parallel_2', 'newBalance': 280}
2025-08-05 03:43:54,198 - INFO - [Round 1] notify: {'Win': {'winAmount': 50}}
2025-08-05 03:43:54,199 - INFO - [Round 3] place_bet: {'transactionId': 'txn_parallel_3', 'newBalance': 270}
2025-08-05 03:43:54,199 - INFO - [Round 2] spin: {'Win': {'winAmount': 50}}
2025-08-05 03:43:54,200 - INFO - [Round 3] spin: {'status': 'SENT'}
2025-08-05 03:43:54,200 - INFO - All parallel rounds completed successfully
