2025-08-04 23:15:57,392 - INFO - Start test for user 123 with bet 10 and outcome 'WIN'
2025-08-04 23:15:57,393 - DEBUG - Mocking /payment/placeBet response
2025-08-04 23:15:57,393 - DEBUG - Mocking /slot/spin response
2025-08-04 23:15:57,393 - DEBUG - Mocking /payment/payout response (WIN)
2025-08-04 23:15:57,393 - DEBUG - Mocking /notify response
2025-08-04 23:15:57,393 - INFO - Calling GET /user/balance
2025-08-04 23:15:57,394 - INFO - Calling POST /payment/placeBet
2025-08-04 23:15:57,394 - INFO - Calling POST /slot/spin
2025-08-04 23:15:57,394 - INFO - User won! Message: Congratulations! You won $50!
2025-08-04 23:15:57,396 - INFO - Calling POST /payment/payout
2025-08-04 23:15:57,396 - INFO - Calling POST /notify
2025-08-04 23:15:57,397 - INFO - Test completed successfully for user 123
2025-08-04 23:15:57,403 - INFO - Start test for user 123 with bet 10 and outcome 'LOSE'
2025-08-04 23:15:57,404 - DEBUG - Mocking /payment/placeBet response
2025-08-04 23:15:57,404 - DEBUG - Mocking /slot/spin response
2025-08-04 23:15:57,404 - DEBUG - Mocking /notify response
2025-08-04 23:15:57,405 - INFO - Calling GET /user/balance
2025-08-04 23:15:57,405 - INFO - Calling POST /payment/placeBet
2025-08-04 23:15:57,405 - INFO - Calling POST /slot/spin
2025-08-04 23:15:57,406 - INFO - User lost. Message: Better luck next time!
2025-08-04 23:15:57,406 - INFO - Calling POST /notify
2025-08-04 23:15:57,406 - INFO - Test completed successfully for user 123
