2025-08-05 04:40:42,690 - INFO - Running: test_full_game_win_flow
2025-08-05 04:40:42,691 - INFO - [123] Balance mocked to $150 USD
2025-08-05 04:40:42,694 - INFO - Running: test_full_game_loss_flow
2025-08-05 04:40:42,695 - INFO - [123] Balance mocked to $150 USD
2025-08-05 04:40:42,697 - INFO - Running: test_extreme_bet_values (maximum allowed bet)
2025-08-05 04:40:42,697 - INFO - [123] Balance mocked to $2000 USD
2025-08-05 04:40:42,698 - INFO - [123] Placed bet of $100, transactionId=txn_100
2025-08-05 04:40:42,698 - INFO - [123] Spin result: Win with winAmount=$50
2025-08-05 04:40:42,699 - INFO - [123] Notification sent successfully: 'Congratulations! You won $50!'
2025-08-05 04:40:42,702 - INFO - Running: test_extreme_bet_values (minimum allowed bet)
2025-08-05 04:40:42,703 - INFO - [123] Balance mocked to $2000 USD
2025-08-05 04:40:42,703 - INFO - [123] Placed bet of $1, transactionId=txn_1
2025-08-05 04:40:42,703 - INFO - [123] Spin result: Win with winAmount=$50
2025-08-05 04:40:42,703 - INFO - [123] Notification sent successfully: 'Congratulations! You won $50!'
2025-08-05 04:40:42,709 - INFO - Running: test_extreme_bet_values (beyond maximum allowed bet)
2025-08-05 04:40:42,710 - INFO - [123] Balance mocked to $2000 USD
2025-08-05 04:40:42,710 - INFO - [123] Placed bet of $1000, transactionId=txn_1000
2025-08-05 04:40:42,710 - INFO - [123] Spin result: Win with winAmount=$50
2025-08-05 04:40:42,710 - INFO - [123] Notification sent successfully: 'Congratulations! You won $50!'
2025-08-05 04:40:42,713 - INFO - Running: test_spin_response_time_delay_handling
2025-08-05 04:40:42,713 - INFO - [123] Balance mocked to $150 USD
2025-08-05 04:40:42,713 - INFO - [123] Placed bet of $10, transactionId=txn_delay
2025-08-05 04:40:45,714 - INFO - [123] Notification sent successfully: 'You won despite delay!'
2025-08-05 04:40:45,716 - INFO - Running: test_multiple_parallel_successful_rounds
2025-08-05 04:40:45,716 - INFO - [123] Balance mocked to $300 USD
2025-08-05 04:40:45,717 - INFO - [Round 1] Starting with txn_id=txn_parallel_1 and bet=10
2025-08-05 04:40:45,718 - INFO - [Round 1] place_bet: {'transactionId': 'txn_parallel_1', 'newBalance': 290}
2025-08-05 04:40:45,718 - INFO - [Round 1] spin: {'Win': {'winAmount': 50}}
2025-08-05 04:40:45,718 - INFO - [Round 1] notify: {'status': 'SENT'}
2025-08-05 04:40:45,718 - INFO - [Round 2] Starting with txn_id=txn_parallel_2 and bet=20
2025-08-05 04:40:45,719 - INFO - [Round 2] place_bet: {'transactionId': 'txn_parallel_2', 'newBalance': 280}
2025-08-05 04:40:45,719 - INFO - [Round 3] Starting with txn_id=txn_parallel_3 and bet=30
2025-08-05 04:40:45,719 - INFO - [Round 2] spin: {'Win': {'winAmount': 50}}
2025-08-05 04:40:45,719 - INFO - [Round 3] place_bet: {'transactionId': 'txn_parallel_3', 'newBalance': 270}
2025-08-05 04:40:45,719 - INFO - [Round 2] notify: {'Win': {'winAmount': 50}}
2025-08-05 04:40:45,726 - INFO - [Round 3] spin: {'status': 'SENT'}
2025-08-05 04:40:45,726 - INFO - All parallel rounds completed successfully
