2025-08-05 03:54:32,431 - INFO - Running: test_full_game_win_flow
2025-08-05 03:54:32,431 - INFO - Initial balance set to $150
2025-08-05 03:54:32,433 - INFO - Running: test_full_game_loss_flow
2025-08-05 03:54:32,434 - INFO - Initial balance set to $150
2025-08-05 03:54:32,436 - INFO - Running: test_extreme_bet_values (maximum allowed bet)
2025-08-05 03:54:32,436 - INFO - Initial balance set to $2000
2025-08-05 03:54:32,437 - INFO - Placed bet of $100, transactionId=txn_100
2025-08-05 03:54:32,437 - INFO - Spin returned: Win
2025-08-05 03:54:32,437 - INFO - Notification sent successfully
2025-08-05 03:54:32,441 - INFO - Running: test_extreme_bet_values (minimum allowed bet)
2025-08-05 03:54:32,441 - INFO - Initial balance set to $2000
2025-08-05 03:54:32,441 - INFO - Placed bet of $1, transactionId=txn_1
2025-08-05 03:54:32,441 - INFO - Spin returned: Win
2025-08-05 03:54:32,442 - INFO - Notification sent successfully
2025-08-05 03:54:32,444 - INFO - Running: test_extreme_bet_values (beyond maximum allowed bet)
2025-08-05 03:54:32,444 - INFO - Initial balance set to $2000
2025-08-05 03:54:32,445 - INFO - Placed bet of $1000, transactionId=txn_1000
2025-08-05 03:54:32,445 - INFO - Spin returned: Win
2025-08-05 03:54:32,445 - INFO - Notification sent successfully
2025-08-05 03:54:32,455 - INFO - Running: test_spin_response_time_delay_handling
2025-08-05 03:54:32,456 - INFO - Initial balance set to $150
2025-08-05 03:54:32,457 - INFO - Placed bet of $10, transactionId=txn_delay
2025-08-05 03:54:35,458 - INFO - Notification sent successfully
2025-08-05 03:54:35,463 - INFO - Running: test_multiple_parallel_successful_rounds
2025-08-05 03:54:35,464 - INFO - Initial balance set to $300
2025-08-05 03:54:35,465 - INFO - [Round 1] Starting with txn_id=txn_parallel_1 and bet=10
2025-08-05 03:54:35,466 - INFO - [Round 1] place_bet: {'transactionId': 'txn_parallel_1', 'newBalance': 290}
2025-08-05 03:54:35,466 - INFO - [Round 1] spin: {'Win': {'winAmount': 50}}
2025-08-05 03:54:35,466 - INFO - [Round 1] notify: {'status': 'SENT'}
2025-08-05 03:54:35,466 - INFO - [Round 2] Starting with txn_id=txn_parallel_2 and bet=20
2025-08-05 03:54:35,466 - INFO - [Round 2] place_bet: {'transactionId': 'txn_parallel_2', 'newBalance': 280}
2025-08-05 03:54:35,467 - INFO - [Round 2] spin: {'Win': {'winAmount': 50}}
2025-08-05 03:54:35,467 - INFO - [Round 2] notify: {'status': 'SENT'}
2025-08-05 03:54:35,467 - INFO - [Round 3] Starting with txn_id=txn_parallel_3 and bet=30
2025-08-05 03:54:35,473 - INFO - [Round 3] place_bet: {'transactionId': 'txn_parallel_3', 'newBalance': 270}
2025-08-05 03:54:35,473 - INFO - [Round 3] spin: {'Win': {'winAmount': 50}}
2025-08-05 03:54:35,473 - INFO - [Round 3] notify: {'status': 'SENT'}
2025-08-05 03:54:35,473 - INFO - All parallel rounds completed successfully
