2025-08-05 03:35:30,430 - INFO - Running: test_full_game_win_flow
2025-08-05 03:35:30,430 - INFO - Initial balance set to $150
2025-08-05 03:35:30,434 - INFO - Running: test_full_game_loss_flow
2025-08-05 03:35:30,434 - INFO - Initial balance set to $150
2025-08-05 03:35:30,437 - INFO - Running: test_extreme_bet_values (maximum allowed bet)
2025-08-05 03:35:30,437 - INFO - Initial balance set to $2000
2025-08-05 03:35:30,438 - INFO - Placed bet of $100, transactionId=txn_100
2025-08-05 03:35:30,438 - INFO - Spin returned: Win
2025-08-05 03:35:30,438 - INFO - Notification sent successfully
2025-08-05 03:35:30,440 - INFO - Running: test_extreme_bet_values (minimum allowed bet)
2025-08-05 03:35:30,441 - INFO - Initial balance set to $2000
2025-08-05 03:35:30,441 - INFO - Placed bet of $1, transactionId=txn_1
2025-08-05 03:35:30,441 - INFO - Spin returned: Win
2025-08-05 03:35:30,441 - INFO - Notification sent successfully
2025-08-05 03:35:30,449 - INFO - Running: test_extreme_bet_values (beyond maximum allowed bet)
2025-08-05 03:35:30,450 - INFO - Initial balance set to $2000
2025-08-05 03:35:30,451 - INFO - Placed bet of $1000, transactionId=txn_1000
2025-08-05 03:35:30,451 - INFO - Spin returned: Win
2025-08-05 03:35:30,452 - INFO - Notification sent successfully
2025-08-05 03:35:30,454 - INFO - Running: test_spin_response_time_delay_handling
2025-08-05 03:35:30,454 - INFO - Initial balance set to $150
2025-08-05 03:35:30,454 - INFO - Placed bet of $10, transactionId=txn_delay
2025-08-05 03:35:33,456 - INFO - Notification sent successfully
2025-08-05 03:35:33,459 - INFO - Running: test_multiple_parallel_successful_rounds
2025-08-05 03:35:33,460 - INFO - Initial balance set to $300
2025-08-05 03:35:33,461 - INFO - [Round 1] Starting with txn_id=txn_parallel_1 and bet=10
2025-08-05 03:35:33,462 - INFO - [Round 1] place_bet: {'transactionId': 'txn_parallel_1', 'newBalance': 290}
2025-08-05 03:35:33,462 - INFO - [Round 2] Starting with txn_id=txn_parallel_2 and bet=20
2025-08-05 03:35:33,463 - INFO - [Round 1] spin: {'Win': {'winAmount': 50}}
2025-08-05 03:35:33,463 - INFO - [Round 3] Starting with txn_id=txn_parallel_3 and bet=30
2025-08-05 03:35:33,463 - INFO - [Round 2] place_bet: {'transactionId': 'txn_parallel_2', 'newBalance': 280}
2025-08-05 03:35:33,464 - INFO - [Round 1] notify: {'Win': {'winAmount': 50}}
2025-08-05 03:35:33,464 - INFO - [Round 3] place_bet: {'transactionId': 'txn_parallel_3', 'newBalance': 270}
2025-08-05 03:35:33,465 - INFO - [Round 2] spin: {'Win': {'winAmount': 50}}
2025-08-05 03:35:33,471 - INFO - [Round 3] spin: {'status': 'SENT'}
2025-08-05 03:35:33,472 - INFO - All parallel rounds completed successfully
