2025-08-05 05:00:11,538 - INFO - Starting test | User=123, Bet=10, Outcome=WIN, Txn=txn_123
2025-08-05 05:00:11,539 - INFO - [123] Balance mocked to $150 USD
2025-08-05 05:00:11,539 - INFO - [123] Placed bet of $10, transactionId=txn_123
2025-08-05 05:00:11,540 - INFO - Spinning the slot...
2025-08-05 05:00:11,540 - INFO - Spin result: {'Win': {'userId': 123, 'outcome': 'WIN', 'winAmount': 50, 'message': 'Congratulations! You won $50!', 'reels': ['Cherry', 'Cherry', 'Cherry']}}
2025-08-05 05:00:11,540 - INFO - Validating outcome: WIN | message='Congratulations! You won $50!'
2025-08-05 05:00:11,547 - INFO - WIN detected! Amount=50, Expected balance=190
2025-08-05 05:00:11,547 - INFO - [123] Payout of $50 processed. New balance: $190
2025-08-05 05:00:11,547 - INFO - Mocking GET /balance to reflect expected_balance=190
2025-08-05 05:00:11,547 - INFO - Validating final balance...
2025-08-05 05:00:11,548 - INFO - Final balance validated: 190 USD
2025-08-05 05:00:11,548 - INFO - [123] Notification sent successfully: 'Congratulations! You won $50!'
2025-08-05 05:00:11,548 - INFO - Test passed successfully for User=123 | Outcome=WIN
2025-08-05 05:00:11,550 - INFO - Starting test | User=123, Bet=10, Outcome=LOSE, Txn=txn_123
2025-08-05 05:00:11,550 - INFO - [123] Balance mocked to $150 USD
2025-08-05 05:00:11,551 - INFO - [123] Placed bet of $10, transactionId=txn_123
2025-08-05 05:00:11,551 - INFO - Spinning the slot...
2025-08-05 05:00:11,551 - INFO - Spin result: {'Lose': {'userId': 123, 'outcome': 'LOSE', 'winAmount': 0, 'message': 'Better luck next time!', 'reels': ['Lemon', 'Bell', 'Cherry']}}
2025-08-05 05:00:11,551 - INFO - Validating outcome: LOSE | message='Better luck next time!'
2025-08-05 05:00:11,551 - INFO - Mocking GET /balance to reflect expected_balance=140
2025-08-05 05:00:11,551 - INFO - Validating final balance...
2025-08-05 05:00:11,551 - INFO - Final balance validated: 140 USD
2025-08-05 05:00:11,551 - INFO - [123] Notification sent successfully: 'Better luck next time!'
2025-08-05 05:00:11,552 - INFO - Test passed successfully for User=123 | Outcome=LOSE
