2025-08-05 04:23:37,646 - INFO - Running: test_full_game_win_flow
2025-08-05 04:23:37,647 - INFO - Initial balance set to $150
2025-08-05 04:23:37,648 - INFO - Placed bet of $10, transactionId=txn_win
2025-08-05 04:23:37,648 - INFO - Spin returned: Win
2025-08-05 04:23:37,794 - INFO - Running: test_full_game_loss_flow
2025-08-05 04:23:37,795 - INFO - Initial balance set to $150
2025-08-05 04:23:37,795 - INFO - Placed bet of $10, transactionId=txn_loss
2025-08-05 04:23:37,795 - INFO - Notification sent successfully
2025-08-05 04:23:37,798 - INFO - Running: test_extreme_bet_values (maximum allowed bet)
2025-08-05 04:23:37,799 - INFO - Initial balance set to $2000
2025-08-05 04:23:37,800 - INFO - Placed bet of $100, transactionId=txn_100
2025-08-05 04:23:37,800 - INFO - Spin returned: Win
2025-08-05 04:23:37,813 - INFO - Running: test_extreme_bet_values (minimum allowed bet)
2025-08-05 04:23:37,813 - INFO - Initial balance set to $2000
2025-08-05 04:23:37,814 - INFO - Placed bet of $1, transactionId=txn_1
2025-08-05 04:23:37,814 - INFO - Spin returned: Win
2025-08-05 04:23:37,827 - INFO - Running: test_extreme_bet_values (beyond maximum allowed bet)
2025-08-05 04:23:37,827 - INFO - Initial balance set to $2000
2025-08-05 04:23:37,828 - INFO - Placed bet of $1000, transactionId=txn_1000
2025-08-05 04:23:37,828 - INFO - Spin returned: Win
2025-08-05 04:23:37,838 - INFO - Running: test_spin_response_time_delay_handling
2025-08-05 04:23:37,839 - INFO - Initial balance set to $150
2025-08-05 04:23:37,839 - INFO - Placed bet of $10, transactionId=txn_delay
2025-08-05 04:23:40,850 - INFO - Running: test_multiple_parallel_successful_rounds
2025-08-05 04:23:40,850 - INFO - Initial balance set to $300
2025-08-05 04:23:40,851 - INFO - [Round 1] Starting with txn_id=txn_parallel_1 and bet=10
2025-08-05 04:23:40,851 - INFO - Placed bet of $10, transactionId=txn_parallel_1
2025-08-05 04:23:40,851 - INFO - [Round 2] Starting with txn_id=txn_parallel_2 and bet=20
2025-08-05 04:23:40,852 - INFO - [Round 1] spin: {'Win': {'winAmount': 50}}
2025-08-05 04:23:40,852 - INFO - Placed bet of $20, transactionId=txn_parallel_2
2025-08-05 04:23:40,853 - INFO - [Round 3] Starting with txn_id=txn_parallel_3 and bet=30
2025-08-05 04:23:40,853 - INFO - Placed bet of $30, transactionId=txn_parallel_3
2025-08-05 04:23:40,853 - INFO - [Round 2] spin: {'Win': {'winAmount': 50}}
2025-08-05 04:23:40,854 - INFO - [Round 3] spin: {'status': 'SENT'}
2025-08-05 04:23:40,854 - INFO - All parallel rounds completed successfully
