2025-08-05 04:24:37,039 - INFO - Running: test_full_game_win_flow
2025-08-05 04:24:37,040 - INFO - Initial balance set to $150
2025-08-05 04:24:37,042 - INFO - Running: test_full_game_loss_flow
2025-08-05 04:24:37,043 - INFO - Initial balance set to $150
2025-08-05 04:24:37,045 - INFO - Running: test_extreme_bet_values (maximum allowed bet)
2025-08-05 04:24:37,045 - INFO - Initial balance set to $2000
2025-08-05 04:24:37,046 - INFO - Placed bet of $100, transactionId=txn_100
2025-08-05 04:24:37,046 - INFO - Spin returned: Win
2025-08-05 04:24:37,046 - INFO - Notification sent successfully
2025-08-05 04:24:37,048 - INFO - Running: test_extreme_bet_values (minimum allowed bet)
2025-08-05 04:24:37,049 - INFO - Initial balance set to $2000
2025-08-05 04:24:37,049 - INFO - Placed bet of $1, transactionId=txn_1
2025-08-05 04:24:37,049 - INFO - Spin returned: Win
2025-08-05 04:24:37,049 - INFO - Notification sent successfully
2025-08-05 04:24:37,055 - INFO - Running: test_extreme_bet_values (beyond maximum allowed bet)
2025-08-05 04:24:37,055 - INFO - Initial balance set to $2000
2025-08-05 04:24:37,056 - INFO - Placed bet of $1000, transactionId=txn_1000
2025-08-05 04:24:37,056 - INFO - Spin returned: Win
2025-08-05 04:24:37,056 - INFO - Notification sent successfully
2025-08-05 04:24:37,059 - INFO - Running: test_spin_response_time_delay_handling
2025-08-05 04:24:37,060 - INFO - Initial balance set to $150
2025-08-05 04:24:37,060 - INFO - Placed bet of $10, transactionId=txn_delay
2025-08-05 04:24:40,061 - INFO - Notification sent successfully
2025-08-05 04:24:40,069 - INFO - Running: test_multiple_parallel_successful_rounds
2025-08-05 04:24:40,071 - INFO - Initial balance set to $300
2025-08-05 04:24:40,073 - INFO - [Round 1] Starting with txn_id=txn_parallel_1 and bet=10
2025-08-05 04:24:40,075 - INFO - [Round 1] place_bet: {'transactionId': 'txn_parallel_1', 'newBalance': 290}
2025-08-05 04:24:40,076 - INFO - [Round 1] spin: {'Win': {'winAmount': 50}}
2025-08-05 04:24:40,076 - INFO - [Round 2] Starting with txn_id=txn_parallel_2 and bet=20
2025-08-05 04:24:40,077 - INFO - [Round 1] notify: {'status': 'SENT'}
2025-08-05 04:24:40,078 - INFO - [Round 3] Starting with txn_id=txn_parallel_3 and bet=30
2025-08-05 04:24:40,078 - INFO - [Round 2] place_bet: {'transactionId': 'txn_parallel_2', 'newBalance': 280}
2025-08-05 04:24:40,080 - INFO - [Round 3] place_bet: {'transactionId': 'txn_parallel_3', 'newBalance': 270}
2025-08-05 04:24:40,081 - INFO - [Round 2] spin: {'Win': {'winAmount': 50}}
2025-08-05 04:24:40,087 - INFO - [Round 3] spin: {'status': 'SENT'}
2025-08-05 04:24:40,088 - INFO - All parallel rounds completed successfully
