2025-08-05 03:48:17,144 - INFO - Running: test_full_game_win_flow
2025-08-05 03:48:17,145 - INFO - Initial balance set to $150
2025-08-05 03:48:17,147 - INFO - Running: test_full_game_loss_flow
2025-08-05 03:48:17,147 - INFO - Initial balance set to $150
2025-08-05 03:48:17,151 - INFO - Running: test_extreme_bet_values (maximum allowed bet)
2025-08-05 03:48:17,152 - INFO - Initial balance set to $2000
2025-08-05 03:48:17,152 - INFO - Placed bet of $100, transactionId=txn_100
2025-08-05 03:48:17,152 - INFO - Spin returned: Win
2025-08-05 03:48:17,153 - INFO - Notification sent successfully
2025-08-05 03:48:17,161 - INFO - Running: test_extreme_bet_values (minimum allowed bet)
2025-08-05 03:48:17,162 - INFO - Initial balance set to $2000
2025-08-05 03:48:17,162 - INFO - Placed bet of $1, transactionId=txn_1
2025-08-05 03:48:17,162 - INFO - Spin returned: Win
2025-08-05 03:48:17,162 - INFO - Notification sent successfully
2025-08-05 03:48:17,164 - INFO - Running: test_extreme_bet_values (beyond maximum allowed bet)
2025-08-05 03:48:17,165 - INFO - Initial balance set to $2000
2025-08-05 03:48:17,166 - INFO - Placed bet of $1000, transactionId=txn_1000
2025-08-05 03:48:17,166 - INFO - Spin returned: Win
2025-08-05 03:48:17,166 - INFO - Notification sent successfully
2025-08-05 03:48:17,169 - INFO - Running: test_spin_response_time_delay_handling
2025-08-05 03:48:17,169 - INFO - Initial balance set to $150
2025-08-05 03:48:17,170 - INFO - Placed bet of $10, transactionId=txn_delay
2025-08-05 03:48:20,171 - INFO - Notification sent successfully
2025-08-05 03:48:20,173 - INFO - Running: test_multiple_parallel_successful_rounds
2025-08-05 03:48:20,174 - INFO - Initial balance set to $300
2025-08-05 03:48:20,175 - INFO - [Round 1] Starting with txn_id=txn_parallel_1 and bet=10
2025-08-05 03:48:20,176 - INFO - [Round 1] place_bet: {'transactionId': 'txn_parallel_1', 'newBalance': 290}
2025-08-05 03:48:20,176 - INFO - [Round 2] Starting with txn_id=txn_parallel_2 and bet=20
2025-08-05 03:48:20,177 - INFO - [Round 1] spin: {'Win': {'winAmount': 50}}
2025-08-05 03:48:20,177 - INFO - [Round 3] Starting with txn_id=txn_parallel_3 and bet=30
2025-08-05 03:48:20,177 - INFO - [Round 2] place_bet: {'transactionId': 'txn_parallel_2', 'newBalance': 280}
2025-08-05 03:48:20,177 - INFO - [Round 1] notify: {'Win': {'winAmount': 50}}
2025-08-05 03:48:20,178 - INFO - [Round 3] place_bet: {'transactionId': 'txn_parallel_3', 'newBalance': 270}
2025-08-05 03:48:20,178 - INFO - [Round 2] spin: {'Win': {'winAmount': 50}}
2025-08-05 03:48:20,179 - INFO - [Round 3] spin: {'status': 'SENT'}
2025-08-05 03:48:20,180 - INFO - All parallel rounds completed successfully
