2025-08-05 02:37:37,844 - INFO - Running: test_full_game_win_flow
2025-08-05 02:37:37,845 - INFO - Initial balance set to $150
2025-08-05 02:37:37,848 - INFO - Running: test_full_game_loss_flow
2025-08-05 02:37:37,848 - INFO - Initial balance set to $150
2025-08-05 02:37:37,852 - INFO - Running: test_extreme_bet_values (maximum allowed bet)
2025-08-05 02:37:37,852 - INFO - Initial balance set to $2000
2025-08-05 02:37:37,852 - INFO - Placed bet of $100, transactionId=txn_100
2025-08-05 02:37:37,853 - INFO - Spin returned: Win
2025-08-05 02:37:37,853 - INFO - Notification sent successfully
2025-08-05 02:37:37,855 - INFO - Running: test_extreme_bet_values (minimum allowed bet)
2025-08-05 02:37:37,856 - INFO - Initial balance set to $2000
2025-08-05 02:37:37,856 - INFO - Placed bet of $1, transactionId=txn_1
2025-08-05 02:37:37,856 - INFO - Spin returned: Win
2025-08-05 02:37:37,856 - INFO - Notification sent successfully
2025-08-05 02:37:37,862 - INFO - Running: test_extreme_bet_values (beyond maximum allowed bet)
2025-08-05 02:37:37,862 - INFO - Initial balance set to $2000
2025-08-05 02:37:37,862 - INFO - Placed bet of $1000, transactionId=txn_1000
2025-08-05 02:37:37,863 - INFO - Spin returned: Win
2025-08-05 02:37:37,863 - INFO - Notification sent successfully
2025-08-05 02:37:37,865 - INFO - Running: test_spin_response_time_delay_handling
2025-08-05 02:37:37,865 - INFO - Initial balance set to $150
2025-08-05 02:37:37,865 - INFO - Placed bet of $10, transactionId=txn_delay
2025-08-05 02:37:40,867 - INFO - Notification sent successfully
2025-08-05 02:37:40,869 - INFO - Running: test_multiple_parallel_successful_rounds
2025-08-05 02:37:40,870 - INFO - Initial balance set to $300
2025-08-05 02:37:40,870 - INFO - [Round 1] Starting with txn_id=txn_parallel_1 and bet=10
2025-08-05 02:37:40,871 - INFO - [Round 1] place_bet: {'transactionId': 'txn_parallel_1', 'newBalance': 290}
2025-08-05 02:37:40,871 - INFO - [Round 2] Starting with txn_id=txn_parallel_2 and bet=20
2025-08-05 02:37:40,871 - INFO - [Round 1] spin: {'Win': {'winAmount': 50}}
2025-08-05 02:37:40,871 - INFO - [Round 2] place_bet: {'transactionId': 'txn_parallel_2', 'newBalance': 280}
2025-08-05 02:37:40,872 - INFO - [Round 3] Starting with txn_id=txn_parallel_3 and bet=30
2025-08-05 02:37:40,872 - INFO - [Round 1] notify: {'Win': {'winAmount': 50}}
2025-08-05 02:37:40,872 - INFO - [Round 2] spin: {'status': 'SENT'}
2025-08-05 02:37:40,872 - INFO - [Round 3] place_bet: {'transactionId': 'txn_parallel_3', 'newBalance': 270}
2025-08-05 02:37:40,873 - INFO - [Round 2] notify: {'Win': {'winAmount': 50}}
2025-08-05 02:37:40,878 - INFO - [Round 3] spin: {'status': 'SENT'}
2025-08-05 02:37:40,879 - INFO - All parallel rounds completed successfully
