2025-08-05 04:23:55,122 - INFO - Running: test_full_game_win_flow
2025-08-05 04:23:55,122 - INFO - Initial balance set to $150
2025-08-05 04:23:55,125 - INFO - Running: test_full_game_loss_flow
2025-08-05 04:23:55,125 - INFO - Initial balance set to $150
2025-08-05 04:23:55,129 - INFO - Running: test_extreme_bet_values (maximum allowed bet)
2025-08-05 04:23:55,129 - INFO - Initial balance set to $2000
2025-08-05 04:23:55,247 - INFO - Running: test_extreme_bet_values (minimum allowed bet)
2025-08-05 04:23:55,247 - INFO - Initial balance set to $2000
2025-08-05 04:23:55,257 - INFO - Running: test_extreme_bet_values (beyond maximum allowed bet)
2025-08-05 04:23:55,263 - INFO - Initial balance set to $2000
2025-08-05 04:23:55,272 - INFO - Running: test_spin_response_time_delay_handling
2025-08-05 04:23:55,272 - INFO - Initial balance set to $150
2025-08-05 04:23:55,284 - INFO - Running: test_multiple_parallel_successful_rounds
2025-08-05 04:23:55,285 - INFO - Initial balance set to $300
2025-08-05 04:23:55,286 - INFO - [Round 1] Starting with txn_id=txn_parallel_1 and bet=10
2025-08-05 04:23:55,286 - INFO - [Round 1] place_bet: {'transactionId': 'txn_parallel_1', 'newBalance': 290}
2025-08-05 04:23:55,286 - INFO - [Round 2] Starting with txn_id=txn_parallel_2 and bet=20
2025-08-05 04:23:55,287 - INFO - [Round 1] spin: {'Win': {'winAmount': 50}}
2025-08-05 04:23:55,287 - INFO - [Round 2] place_bet: {'transactionId': 'txn_parallel_2', 'newBalance': 280}
2025-08-05 04:23:55,287 - INFO - [Round 3] Starting with txn_id=txn_parallel_3 and bet=30
2025-08-05 04:23:55,287 - INFO - [Round 1] notify: {'Win': {'winAmount': 50}}
2025-08-05 04:23:55,288 - INFO - [Round 2] spin: {'status': 'SENT'}
2025-08-05 04:23:55,288 - INFO - [Round 3] place_bet: {'transactionId': 'txn_parallel_3', 'newBalance': 270}
2025-08-05 04:23:55,288 - INFO - [Round 2] notify: {'Win': {'winAmount': 50}}
2025-08-05 04:23:55,288 - INFO - [Round 3] spin: {'status': 'SENT'}
2025-08-05 04:23:55,289 - INFO - All parallel rounds completed successfully
