2025-08-04 22:17:16,435 - INFO - Start test for user 123 with bet 10 and outcome 'WIN'
2025-08-04 22:17:16,435 - DEBUG - Mocking /payment/placeBet response
2025-08-04 22:17:16,436 - DEBUG - Mocking /slot/spin response
2025-08-04 22:17:16,436 - DEBUG - Mocking /payment/payout response (WIN)
2025-08-04 22:17:16,436 - DEBUG - Mocking /notify response
2025-08-04 22:17:16,437 - INFO - Calling GET /user/balance
2025-08-04 22:17:16,437 - INFO - Calling POST /payment/placeBet
2025-08-04 22:17:16,437 - INFO - Calling POST /slot/spin
2025-08-04 22:17:16,437 - INFO - User won! Message: Congratulations! You won $50!
2025-08-04 22:17:16,438 - INFO - Calling POST /payment/payout
2025-08-04 22:17:16,438 - INFO - Calling POST /notify
2025-08-04 22:17:16,438 - INFO - Test completed successfully for user 123
2025-08-04 22:17:16,443 - INFO - Start test for user 123 with bet 10 and outcome 'LOSE'
2025-08-04 22:17:16,443 - DEBUG - Mocking /payment/placeBet response
2025-08-04 22:17:16,443 - DEBUG - Mocking /slot/spin response
2025-08-04 22:17:16,443 - DEBUG - Mocking /notify response
2025-08-04 22:17:16,444 - INFO - Calling GET /user/balance
2025-08-04 22:17:16,444 - INFO - Calling POST /payment/placeBet
2025-08-04 22:17:16,444 - INFO - Calling POST /slot/spin
2025-08-04 22:17:16,444 - INFO - User lost. Message: Better luck next time!
2025-08-04 22:17:16,445 - INFO - Calling POST /notify
2025-08-04 22:17:16,445 - INFO - Test completed successfully for user 123
